[35m[1mConsolidate compiler generated dependencies of target serial_node[0m
[ 50%] Built target publisher_node
[ 75%] [32mBuilding CXX object CMakeFiles/serial_node.dir/src/serial_node.cpp.o[0m
[01m[K/home/xiaofeiyu/Ê°åÈù¢/study/Á¨¨1-2Âë®‰Ωú‰∏ö/src/nodes/src/serial_node.cpp:[m[K In constructor ‚Äò[01m[KSerialNode::SerialNode()[m[K‚Äô:
[01m[K/home/xiaofeiyu/Ê°åÈù¢/study/Á¨¨1-2Âë®‰Ωú‰∏ö/src/nodes/src/serial_node.cpp:112:27:[m[K [01;31m[Kerror: [m[K‚Äò[01m[Kstring[m[K‚Äô was not declared in this scope
  112 |         declare_parameter<[01;31m[Kstring[m[K>("device_name","/dev/pts/2")
      |                           [01;31m[K^~~~~~[m[K
[01m[K/home/xiaofeiyu/Ê°åÈù¢/study/Á¨¨1-2Âë®‰Ωú‰∏ö/src/nodes/src/serial_node.cpp:112:27:[m[K [01;36m[Knote: [m[Ksuggested alternatives:
In file included from [01m[K/usr/include/c++/11/string:39[m[K,
                 from [01m[K/home/xiaofeiyu/Ê°åÈù¢/study/Á¨¨1-2Âë®‰Ωú‰∏ö/src/nodes/src/serial_node.cpp:1[m[K:
[01m[K/usr/include/c++/11/bits/stringfwd.h:79:33:[m[K [01;36m[Knote: [m[K  ‚Äò[01m[Kstd::string[m[K‚Äô
   79 |   typedef basic_string<char>    [01;36m[Kstring[m[K;
      |                                 [01;36m[K^~~~~~[m[K
In file included from [01m[K/home/xiaofeiyu/Ê°åÈù¢/study/Á¨¨1-2Âë®‰Ωú‰∏ö/src/nodes/src/serial_node.cpp:1[m[K:
[01m[K/usr/include/c++/11/string:67:11:[m[K [01;36m[Knote: [m[K  ‚Äò[01m[Kstd::pmr::string[m[K‚Äô
   67 |     using [01;36m[Kstring[m[K    = basic_string<char>;
      |           [01;36m[K^~~~~~[m[K
[01m[K/home/xiaofeiyu/Ê°åÈù¢/study/Á¨¨1-2Âë®‰Ωú‰∏ö/src/nodes/src/serial_node.cpp:112:34:[m[K [01;31m[Kerror: [m[Kno matching function for call to ‚Äò[01m[KSerialNode::declare_parameter<<expression error> >(const char [12], const char [11])[m[K‚Äô
  112 |         [01;31m[Kdeclare_parameter<string>("device_name","/dev/pts/2")[m[K
      |         [01;31m[K~~~~~~~~~~~~~~~~~~~~~~~~~^~~~~~~~~~~~~~~~~~~~~~~~~~~~[m[K
In file included from [01m[K/opt/ros/humble/include/rclcpp/rclcpp/executors/single_threaded_executor.hpp:28[m[K,
                 from [01m[K/opt/ros/humble/include/rclcpp/rclcpp/executors.hpp:22[m[K,
                 from [01m[K/opt/ros/humble/include/rclcpp/rclcpp/rclcpp.hpp:155[m[K,
                 from [01m[K/home/xiaofeiyu/Ê°åÈù¢/study/Á¨¨1-2Âë®‰Ωú‰∏ö/src/nodes/src/serial_node.cpp:3[m[K:
[01m[K/opt/ros/humble/include/rclcpp/rclcpp/node.hpp:421:3:[m[K [01;36m[Knote: [m[Kcandidate: ‚Äò[01m[Ktemplate<class ParameterT> auto rclcpp::Node::declare_parameter(const string&, const ParameterT&, const ParameterDescriptor&, bool)[m[K‚Äô
  421 |   [01;36m[Kdeclare_parameter[m[K(
      |   [01;36m[K^~~~~~~~~~~~~~~~~[m[K
[01m[K/opt/ros/humble/include/rclcpp/rclcpp/node.hpp:421:3:[m[K [01;36m[Knote: [m[K  template argument deduction/substitution failed:
[01m[K/home/xiaofeiyu/Ê°åÈù¢/study/Á¨¨1-2Âë®‰Ωú‰∏ö/src/nodes/src/serial_node.cpp:112:34:[m[K [01;31m[Kerror: [m[Ktemplate argument 1 is invalid
  112 |         [01;31m[Kdeclare_parameter<string>("device_name","/dev/pts/2")[m[K
      |         [01;31m[K~~~~~~~~~~~~~~~~~~~~~~~~~^~~~~~~~~~~~~~~~~~~~~~~~~~~~[m[K
In file included from [01m[K/opt/ros/humble/include/rclcpp/rclcpp/executors/single_threaded_executor.hpp:28[m[K,
                 from [01m[K/opt/ros/humble/include/rclcpp/rclcpp/executors.hpp:22[m[K,
                 from [01m[K/opt/ros/humble/include/rclcpp/rclcpp/rclcpp.hpp:155[m[K,
                 from [01m[K/home/xiaofeiyu/Ê°åÈù¢/study/Á¨¨1-2Âë®‰Ωú‰∏ö/src/nodes/src/serial_node.cpp:3[m[K:
[01m[K/opt/ros/humble/include/rclcpp/rclcpp/node.hpp:434:3:[m[K [01;36m[Knote: [m[Kcandidate: ‚Äò[01m[Ktemplate<class ParameterT> auto rclcpp::Node::declare_parameter(const string&, const ParameterDescriptor&, bool)[m[K‚Äô
  434 |   [01;36m[Kdeclare_parameter[m[K(
      |   [01;36m[K^~~~~~~~~~~~~~~~~[m[K
[01m[K/opt/ros/humble/include/rclcpp/rclcpp/node.hpp:434:3:[m[K [01;36m[Knote: [m[K  template argument deduction/substitution failed:
[01m[K/home/xiaofeiyu/Ê°åÈù¢/study/Á¨¨1-2Âë®‰Ωú‰∏ö/src/nodes/src/serial_node.cpp:112:34:[m[K [01;31m[Kerror: [m[Ktemplate argument 1 is invalid
  112 |         [01;31m[Kdeclare_parameter<string>("device_name","/dev/pts/2")[m[K
      |         [01;31m[K~~~~~~~~~~~~~~~~~~~~~~~~~^~~~~~~~~~~~~~~~~~~~~~~~~~~~[m[K
[01m[K/home/xiaofeiyu/Ê°åÈù¢/study/Á¨¨1-2Âë®‰Ωú‰∏ö/src/nodes/src/serial_node.cpp:118:37:[m[K [01;31m[Kerror: [m[K‚Äò[01m[Kdevice_name[m[K‚Äô was not declared in this scope
  118 |         get_parameter("device_name",[01;31m[Kdevice_name[m[K);
      |                                     [01;31m[K^~~~~~~~~~~[m[K
gmake[2]: *** [CMakeFiles/serial_node.dir/build.make:76ÔºöCMakeFiles/serial_node.dir/src/serial_node.cpp.o] ÈîôËØØ 1
gmake[1]: *** [CMakeFiles/Makefile2:139ÔºöCMakeFiles/serial_node.dir/all] ÈîôËØØ 2
gmake: *** [Makefile:146Ôºöall] ÈîôËØØ 2
