[0.010s] Invoking command in '/home/xiaofeiyu/Ê°åÈù¢/study/Á¨¨1-2Âë®‰Ωú‰∏ö/src/nodes/build/nodes': CMAKE_PREFIX_PATH=${CMAKE_PREFIX_PATH}:/opt/ros/humble /usr/bin/cmake --build /home/xiaofeiyu/Ê°åÈù¢/study/Á¨¨1-2Âë®‰Ωú‰∏ö/src/nodes/build/nodes -- -j4 -l4
[0.049s] [35m[1mConsolidate compiler generated dependencies of target serial_node[0m
[0.063s] [ 50%] Built target publisher_node
[0.074s] [ 75%] [32mBuilding CXX object CMakeFiles/serial_node.dir/src/serial_node.cpp.o[0m
[2.208s] [01m[K/home/xiaofeiyu/Ê°åÈù¢/study/Á¨¨1-2Âë®‰Ωú‰∏ö/src/nodes/src/serial_node.cpp:[m[K In constructor ‚Äò[01m[KSerialNode::SerialNode()[m[K‚Äô:
[2.208s] [01m[K/home/xiaofeiyu/Ê°åÈù¢/study/Á¨¨1-2Âë®‰Ωú‰∏ö/src/nodes/src/serial_node.cpp:112:27:[m[K [01;31m[Kerror: [m[K‚Äò[01m[Kstring[m[K‚Äô was not declared in this scope
[2.208s]   112 |         declare_parameter<[01;31m[Kstring[m[K>("device_name","/dev/pts/2")
[2.208s]       |                           [01;31m[K^~~~~~[m[K
[2.208s] [01m[K/home/xiaofeiyu/Ê°åÈù¢/study/Á¨¨1-2Âë®‰Ωú‰∏ö/src/nodes/src/serial_node.cpp:112:27:[m[K [01;36m[Knote: [m[Ksuggested alternatives:
[2.208s] In file included from [01m[K/usr/include/c++/11/string:39[m[K,
[2.208s]                  from [01m[K/home/xiaofeiyu/Ê°åÈù¢/study/Á¨¨1-2Âë®‰Ωú‰∏ö/src/nodes/src/serial_node.cpp:1[m[K:
[2.208s] [01m[K/usr/include/c++/11/bits/stringfwd.h:79:33:[m[K [01;36m[Knote: [m[K  ‚Äò[01m[Kstd::string[m[K‚Äô
[2.208s]    79 |   typedef basic_string<char>    [01;36m[Kstring[m[K;
[2.208s]       |                                 [01;36m[K^~~~~~[m[K
[2.208s] In file included from [01m[K/home/xiaofeiyu/Ê°åÈù¢/study/Á¨¨1-2Âë®‰Ωú‰∏ö/src/nodes/src/serial_node.cpp:1[m[K:
[2.208s] [01m[K/usr/include/c++/11/string:67:11:[m[K [01;36m[Knote: [m[K  ‚Äò[01m[Kstd::pmr::string[m[K‚Äô
[2.208s]    67 |     using [01;36m[Kstring[m[K    = basic_string<char>;
[2.208s]       |           [01;36m[K^~~~~~[m[K
[2.208s] [01m[K/home/xiaofeiyu/Ê°åÈù¢/study/Á¨¨1-2Âë®‰Ωú‰∏ö/src/nodes/src/serial_node.cpp:112:34:[m[K [01;31m[Kerror: [m[Kno matching function for call to ‚Äò[01m[KSerialNode::declare_parameter<<expression error> >(const char [12], const char [11])[m[K‚Äô
[2.208s]   112 |         [01;31m[Kdeclare_parameter<string>("device_name","/dev/pts/2")[m[K
[2.208s]       |         [01;31m[K~~~~~~~~~~~~~~~~~~~~~~~~~^~~~~~~~~~~~~~~~~~~~~~~~~~~~[m[K
[2.208s] In file included from [01m[K/opt/ros/humble/include/rclcpp/rclcpp/executors/single_threaded_executor.hpp:28[m[K,
[2.209s]                  from [01m[K/opt/ros/humble/include/rclcpp/rclcpp/executors.hpp:22[m[K,
[2.209s]                  from [01m[K/opt/ros/humble/include/rclcpp/rclcpp/rclcpp.hpp:155[m[K,
[2.209s]                  from [01m[K/home/xiaofeiyu/Ê°åÈù¢/study/Á¨¨1-2Âë®‰Ωú‰∏ö/src/nodes/src/serial_node.cpp:3[m[K:
[2.209s] [01m[K/opt/ros/humble/include/rclcpp/rclcpp/node.hpp:421:3:[m[K [01;36m[Knote: [m[Kcandidate: ‚Äò[01m[Ktemplate<class ParameterT> auto rclcpp::Node::declare_parameter(const string&, const ParameterT&, const ParameterDescriptor&, bool)[m[K‚Äô
[2.209s]   421 |   [01;36m[Kdeclare_parameter[m[K(
[2.209s]       |   [01;36m[K^~~~~~~~~~~~~~~~~[m[K
[2.209s] [01m[K/opt/ros/humble/include/rclcpp/rclcpp/node.hpp:421:3:[m[K [01;36m[Knote: [m[K  template argument deduction/substitution failed:
[2.209s] [01m[K/home/xiaofeiyu/Ê°åÈù¢/study/Á¨¨1-2Âë®‰Ωú‰∏ö/src/nodes/src/serial_node.cpp:112:34:[m[K [01;31m[Kerror: [m[Ktemplate argument 1 is invalid
[2.209s]   112 |         [01;31m[Kdeclare_parameter<string>("device_name","/dev/pts/2")[m[K
[2.209s]       |         [01;31m[K~~~~~~~~~~~~~~~~~~~~~~~~~^~~~~~~~~~~~~~~~~~~~~~~~~~~~[m[K
[2.209s] In file included from [01m[K/opt/ros/humble/include/rclcpp/rclcpp/executors/single_threaded_executor.hpp:28[m[K,
[2.209s]                  from [01m[K/opt/ros/humble/include/rclcpp/rclcpp/executors.hpp:22[m[K,
[2.209s]                  from [01m[K/opt/ros/humble/include/rclcpp/rclcpp/rclcpp.hpp:155[m[K,
[2.209s]                  from [01m[K/home/xiaofeiyu/Ê°åÈù¢/study/Á¨¨1-2Âë®‰Ωú‰∏ö/src/nodes/src/serial_node.cpp:3[m[K:
[2.209s] [01m[K/opt/ros/humble/include/rclcpp/rclcpp/node.hpp:434:3:[m[K [01;36m[Knote: [m[Kcandidate: ‚Äò[01m[Ktemplate<class ParameterT> auto rclcpp::Node::declare_parameter(const string&, const ParameterDescriptor&, bool)[m[K‚Äô
[2.209s]   434 |   [01;36m[Kdeclare_parameter[m[K(
[2.209s]       |   [01;36m[K^~~~~~~~~~~~~~~~~[m[K
[2.209s] [01m[K/opt/ros/humble/include/rclcpp/rclcpp/node.hpp:434:3:[m[K [01;36m[Knote: [m[K  template argument deduction/substitution failed:
[2.209s] [01m[K/home/xiaofeiyu/Ê°åÈù¢/study/Á¨¨1-2Âë®‰Ωú‰∏ö/src/nodes/src/serial_node.cpp:112:34:[m[K [01;31m[Kerror: [m[Ktemplate argument 1 is invalid
[2.209s]   112 |         [01;31m[Kdeclare_parameter<string>("device_name","/dev/pts/2")[m[K
[2.210s]       |         [01;31m[K~~~~~~~~~~~~~~~~~~~~~~~~~^~~~~~~~~~~~~~~~~~~~~~~~~~~~[m[K
[2.210s] [01m[K/home/xiaofeiyu/Ê°åÈù¢/study/Á¨¨1-2Âë®‰Ωú‰∏ö/src/nodes/src/serial_node.cpp:118:37:[m[K [01;31m[Kerror: [m[K‚Äò[01m[Kdevice_name[m[K‚Äô was not declared in this scope
[2.210s]   118 |         get_parameter("device_name",[01;31m[Kdevice_name[m[K);
[2.210s]       |                                     [01;31m[K^~~~~~~~~~~[m[K
[4.013s] gmake[2]: *** [CMakeFiles/serial_node.dir/build.make:76ÔºöCMakeFiles/serial_node.dir/src/serial_node.cpp.o] ÈîôËØØ 1
[4.014s] gmake[1]: *** [CMakeFiles/Makefile2:139ÔºöCMakeFiles/serial_node.dir/all] ÈîôËØØ 2
[4.014s] gmake: *** [Makefile:146Ôºöall] ÈîôËØØ 2
[4.016s] Invoked command in '/home/xiaofeiyu/Ê°åÈù¢/study/Á¨¨1-2Âë®‰Ωú‰∏ö/src/nodes/build/nodes' returned '2': CMAKE_PREFIX_PATH=${CMAKE_PREFIX_PATH}:/opt/ros/humble /usr/bin/cmake --build /home/xiaofeiyu/Ê°åÈù¢/study/Á¨¨1-2Âë®‰Ωú‰∏ö/src/nodes/build/nodes -- -j4 -l4
