[0.011s] Invoking command in '/home/xiaofeiyu/æ¡Œé¢/study/ç¬¬1-2å‘¨ä½œä¸š/src/nodes/build/nodes': CMAKE_PREFIX_PATH=${CMAKE_PREFIX_PATH}:/opt/ros/humble /usr/bin/cmake --build /home/xiaofeiyu/æ¡Œé¢/study/ç¬¬1-2å‘¨ä½œä¸š/src/nodes/build/nodes -- -j4 -l4
[0.064s] [35m[1mConsolidate compiler generated dependencies of target serial_node[0m
[0.092s] [ 50%] [32mBuilding CXX object CMakeFiles/serial_node.dir/src/serial_node.cpp.o[0m
[2.381s] In file included from [01m[K/opt/ros/humble/include/rclcpp/rclcpp/client.hpp:40[m[K,
[2.381s]                  from [01m[K/opt/ros/humble/include/rclcpp/rclcpp/callback_group.hpp:24[m[K,
[2.381s]                  from [01m[K/opt/ros/humble/include/rclcpp/rclcpp/any_executable.hpp:20[m[K,
[2.381s]                  from [01m[K/opt/ros/humble/include/rclcpp/rclcpp/memory_strategy.hpp:25[m[K,
[2.381s]                  from [01m[K/opt/ros/humble/include/rclcpp/rclcpp/memory_strategies.hpp:18[m[K,
[2.381s]                  from [01m[K/opt/ros/humble/include/rclcpp/rclcpp/executor_options.hpp:20[m[K,
[2.381s]                  from [01m[K/opt/ros/humble/include/rclcpp/rclcpp/executor.hpp:37[m[K,
[2.381s]                  from [01m[K/opt/ros/humble/include/rclcpp/rclcpp/executors/multi_threaded_executor.hpp:25[m[K,
[2.381s]                  from [01m[K/opt/ros/humble/include/rclcpp/rclcpp/executors.hpp:21[m[K,
[2.381s]                  from [01m[K/opt/ros/humble/include/rclcpp/rclcpp/rclcpp.hpp:155[m[K,
[2.381s]                  from [01m[K/home/xiaofeiyu/æ¡Œé¢/study/ç¬¬1-2å‘¨ä½œä¸š/src/nodes/src/serial_node.cpp:3[m[K:
[2.381s] [01m[K/home/xiaofeiyu/æ¡Œé¢/study/ç¬¬1-2å‘¨ä½œä¸š/src/nodes/src/serial_node.cpp:[m[K In member function â€˜[01m[Kvoid SerialNode::receive_from_serial()[m[Kâ€™:
[2.382s] [01m[K/home/xiaofeiyu/æ¡Œé¢/study/ç¬¬1-2å‘¨ä½œä¸š/src/nodes/src/serial_node.cpp:22:31:[m[K [01;31m[Kerror: [m[Kâ€˜[01m[Kclass SerialNode[m[Kâ€™ has no member named â€˜[01m[Kgetlogger[m[Kâ€™; did you mean â€˜[01m[Kget_logger[m[Kâ€™?
[2.382s]    22 |             RCLCPP_WARN(this->[01;31m[Kgetlogger[m[K(),"ä¸²å£æ‰“å¼€å¤±è´¥ï¼Œæ— æ³•æ¥æ”¶æ•°æ®");
[2.382s]       |                               [01;31m[K^~~~~~~~~[m[K
[2.382s] [01m[K/home/xiaofeiyu/æ¡Œé¢/study/ç¬¬1-2å‘¨ä½œä¸š/src/nodes/src/serial_node.cpp:22:31:[m[K [01;31m[Kerror: [m[Kâ€˜[01m[Kclass SerialNode[m[Kâ€™ has no member named â€˜[01m[Kgetlogger[m[Kâ€™; did you mean â€˜[01m[Kget_logger[m[Kâ€™?
[2.382s] [01m[K/home/xiaofeiyu/æ¡Œé¢/study/ç¬¬1-2å‘¨ä½œä¸š/src/nodes/src/serial_node.cpp:22:13:[m[K [01;31m[Kerror: [m[Ktemplate argument 1 is invalid
[2.382s]    22 |             [01;31m[KRCLCPP_WARN[m[K(this->getlogger(),"ä¸²å£æ‰“å¼€å¤±è´¥ï¼Œæ— æ³•æ¥æ”¶æ•°æ®");
[2.382s]       |             [01;31m[K^~~~~~~~~~~[m[K
[2.382s] [01m[K/home/xiaofeiyu/æ¡Œé¢/study/ç¬¬1-2å‘¨ä½œä¸š/src/nodes/src/serial_node.cpp:22:13:[m[K [01;31m[Kerror: [m[Ktemplate argument 1 is invalid
[2.382s]    22 |             [01;31m[KRCLCPP_WARN[m[K(this->getlogger(),"ä¸²å£æ‰“å¼€å¤±è´¥ï¼Œæ— æ³•æ¥æ”¶æ•°æ®");
[2.382s]       |             [01;31m[K^~~~~~~~~~~[m[K
[2.382s] [01m[K/home/xiaofeiyu/æ¡Œé¢/study/ç¬¬1-2å‘¨ä½œä¸š/src/nodes/src/serial_node.cpp:22:13:[m[K [01;31m[Kerror: [m[Ktemplate argument 1 is invalid
[2.382s]    22 |             [01;31m[KRCLCPP_WARN[m[K(this->getlogger(),"ä¸²å£æ‰“å¼€å¤±è´¥ï¼Œæ— æ³•æ¥æ”¶æ•°æ®");
[2.382s]       |             [01;31m[K^~~~~~~~~~~[m[K
[2.382s] In file included from [01m[K/opt/ros/humble/include/rclcpp/rclcpp/logging.hpp:24[m[K,
[2.382s]                  from [01m[K/opt/ros/humble/include/rclcpp/rclcpp/client.hpp:40[m[K,
[2.382s]                  from [01m[K/opt/ros/humble/include/rclcpp/rclcpp/callback_group.hpp:24[m[K,
[2.382s]                  from [01m[K/opt/ros/humble/include/rclcpp/rclcpp/any_executable.hpp:20[m[K,
[2.382s]                  from [01m[K/opt/ros/humble/include/rclcpp/rclcpp/memory_strategy.hpp:25[m[K,
[2.382s]                  from [01m[K/opt/ros/humble/include/rclcpp/rclcpp/memory_strategies.hpp:18[m[K,
[2.383s]                  from [01m[K/opt/ros/humble/include/rclcpp/rclcpp/executor_options.hpp:20[m[K,
[2.383s]                  from [01m[K/opt/ros/humble/include/rclcpp/rclcpp/executor.hpp:37[m[K,
[2.383s]                  from [01m[K/opt/ros/humble/include/rclcpp/rclcpp/executors/multi_threaded_executor.hpp:25[m[K,
[2.383s]                  from [01m[K/opt/ros/humble/include/rclcpp/rclcpp/executors.hpp:21[m[K,
[2.383s]                  from [01m[K/opt/ros/humble/include/rclcpp/rclcpp/rclcpp.hpp:155[m[K,
[2.383s]                  from [01m[K/home/xiaofeiyu/æ¡Œé¢/study/ç¬¬1-2å‘¨ä½œä¸š/src/nodes/src/serial_node.cpp:3[m[K:
[2.383s] [01m[K/home/xiaofeiyu/æ¡Œé¢/study/ç¬¬1-2å‘¨ä½œä¸š/src/nodes/src/serial_node.cpp:22:31:[m[K [01;31m[Kerror: [m[Kâ€˜[01m[Kclass SerialNode[m[Kâ€™ has no member named â€˜[01m[Kgetlogger[m[Kâ€™; did you mean â€˜[01m[Kget_logger[m[Kâ€™?
[2.383s]    22 |             RCLCPP_WARN(this->[01;31m[Kgetlogger[m[K(),"ä¸²å£æ‰“å¼€å¤±è´¥ï¼Œæ— æ³•æ¥æ”¶æ•°æ®");
[2.383s]       |                               [01;31m[K^~~~~~~~~[m[K
[2.383s] [01m[K/home/xiaofeiyu/æ¡Œé¢/study/ç¬¬1-2å‘¨ä½œä¸š/src/nodes/src/serial_node.cpp:22:31:[m[K [01;31m[Kerror: [m[Kâ€˜[01m[Kclass SerialNode[m[Kâ€™ has no member named â€˜[01m[Kgetlogger[m[Kâ€™; did you mean â€˜[01m[Kget_logger[m[Kâ€™?
[2.383s]    22 |             RCLCPP_WARN(this->[01;31m[Kgetlogger[m[K(),"ä¸²å£æ‰“å¼€å¤±è´¥ï¼Œæ— æ³•æ¥æ”¶æ•°æ®");
[2.383s]       |                               [01;31m[K^~~~~~~~~[m[K
[2.383s] [01m[K/home/xiaofeiyu/æ¡Œé¢/study/ç¬¬1-2å‘¨ä½œä¸š/src/nodes/src/serial_node.cpp:28:57:[m[K [01;31m[Kerror: [m[Kcannot convert â€˜[01m[Kint[m[Kâ€™ to â€˜[01m[Kstd::vector<unsigned char, std::allocator<unsigned char> >&[m[Kâ€™
[2.383s]    28 |             std::vector<uint8_t> new_data=port->receive([01;31m[K1024[m[K); //æ¥æ”¶æ•°æ®
[2.383s]       |                                                         [01;31m[K^~~~[m[K
[2.383s]       |                                                         [01;31m[K|[m[K
[2.383s]       |                                                         [01;31m[Kint[m[K
[2.383s] In file included from [01m[K/opt/ros/humble/include/serial_driver/serial_driver.hpp:22[m[K,
[2.383s]                  from [01m[K/home/xiaofeiyu/æ¡Œé¢/study/ç¬¬1-2å‘¨ä½œä¸š/src/nodes/src/serial_node.cpp:5[m[K:
[2.390s] [01m[K/opt/ros/humble/include/serial_driver/serial_port.hpp:208:41:[m[K [01;36m[Knote: [m[K  initializing argument 1 of â€˜[01m[Ksize_t drivers::serial_driver::SerialPort::receive(std::vector<unsigned char, std::allocator<unsigned char> >&)[m[Kâ€™
[2.390s]   208 |   size_t receive([01;36m[Kstd::vector<uint8_t> & buff[m[K);
[2.390s]       |                  [01;36m[K~~~~~~~~~~~~~~~~~~~~~~~^~~~[m[K
[2.390s] In file included from [01m[K/opt/ros/humble/include/rclcpp/rclcpp/client.hpp:40[m[K,
[2.390s]                  from [01m[K/opt/ros/humble/include/rclcpp/rclcpp/callback_group.hpp:24[m[K,
[2.390s]                  from [01m[K/opt/ros/humble/include/rclcpp/rclcpp/any_executable.hpp:20[m[K,
[2.390s]                  from [01m[K/opt/ros/humble/include/rclcpp/rclcpp/memory_strategy.hpp:25[m[K,
[2.390s]                  from [01m[K/opt/ros/humble/include/rclcpp/rclcpp/memory_strategies.hpp:18[m[K,
[2.390s]                  from [01m[K/opt/ros/humble/include/rclcpp/rclcpp/executor_options.hpp:20[m[K,
[2.390s]                  from [01m[K/opt/ros/humble/include/rclcpp/rclcpp/executor.hpp:37[m[K,
[2.390s]                  from [01m[K/opt/ros/humble/include/rclcpp/rclcpp/executors/multi_threaded_executor.hpp:25[m[K,
[2.390s]                  from [01m[K/opt/ros/humble/include/rclcpp/rclcpp/executors.hpp:21[m[K,
[2.390s]                  from [01m[K/opt/ros/humble/include/rclcpp/rclcpp/rclcpp.hpp:155[m[K,
[2.390s]                  from [01m[K/home/xiaofeiyu/æ¡Œé¢/study/ç¬¬1-2å‘¨ä½œä¸š/src/nodes/src/serial_node.cpp:3[m[K:
[2.390s] [01m[K/home/xiaofeiyu/æ¡Œé¢/study/ç¬¬1-2å‘¨ä½œä¸š/src/nodes/src/serial_node.cpp:38:32:[m[K [01;31m[Kerror: [m[Kâ€˜[01m[Kclass SerialNode[m[Kâ€™ has no member named â€˜[01m[Kgetlogger[m[Kâ€™; did you mean â€˜[01m[Kget_logger[m[Kâ€™?
[2.391s]    38 |             RCLCPP_ERROR(this->[01;31m[Kgetlogger[m[K(),"ä¸²å£æ¥æ”¶é”™è¯¯");;
[2.391s]       |                                [01;31m[K^~~~~~~~~[m[K
[2.391s] [01m[K/home/xiaofeiyu/æ¡Œé¢/study/ç¬¬1-2å‘¨ä½œä¸š/src/nodes/src/serial_node.cpp:38:32:[m[K [01;31m[Kerror: [m[Kâ€˜[01m[Kclass SerialNode[m[Kâ€™ has no member named â€˜[01m[Kgetlogger[m[Kâ€™; did you mean â€˜[01m[Kget_logger[m[Kâ€™?
[2.391s] [01m[K/home/xiaofeiyu/æ¡Œé¢/study/ç¬¬1-2å‘¨ä½œä¸š/src/nodes/src/serial_node.cpp:38:13:[m[K [01;31m[Kerror: [m[Ktemplate argument 1 is invalid
[2.391s]    38 |             [01;31m[KRCLCPP_ERROR[m[K(this->getlogger(),"ä¸²å£æ¥æ”¶é”™è¯¯");;
[2.391s]       |             [01;31m[K^~~~~~~~~~~~[m[K
[2.391s] [01m[K/home/xiaofeiyu/æ¡Œé¢/study/ç¬¬1-2å‘¨ä½œä¸š/src/nodes/src/serial_node.cpp:38:13:[m[K [01;31m[Kerror: [m[Ktemplate argument 1 is invalid
[2.391s]    38 |             [01;31m[KRCLCPP_ERROR[m[K(this->getlogger(),"ä¸²å£æ¥æ”¶é”™è¯¯");;
[2.391s]       |             [01;31m[K^~~~~~~~~~~~[m[K
[2.391s] [01m[K/home/xiaofeiyu/æ¡Œé¢/study/ç¬¬1-2å‘¨ä½œä¸š/src/nodes/src/serial_node.cpp:38:13:[m[K [01;31m[Kerror: [m[Ktemplate argument 1 is invalid
[2.391s]    38 |             [01;31m[KRCLCPP_ERROR[m[K(this->getlogger(),"ä¸²å£æ¥æ”¶é”™è¯¯");;
[2.394s]       |             [01;31m[K^~~~~~~~~~~~[m[K
[2.394s] In file included from [01m[K/opt/ros/humble/include/rclcpp/rclcpp/logging.hpp:24[m[K,
[2.394s]                  from [01m[K/opt/ros/humble/include/rclcpp/rclcpp/client.hpp:40[m[K,
[2.394s]                  from [01m[K/opt/ros/humble/include/rclcpp/rclcpp/callback_group.hpp:24[m[K,
[2.394s]                  from [01m[K/opt/ros/humble/include/rclcpp/rclcpp/any_executable.hpp:20[m[K,
[2.394s]                  from [01m[K/opt/ros/humble/include/rclcpp/rclcpp/memory_strategy.hpp:25[m[K,
[2.394s]                  from [01m[K/opt/ros/humble/include/rclcpp/rclcpp/memory_strategies.hpp:18[m[K,
[2.394s]                  from [01m[K/opt/ros/humble/include/rclcpp/rclcpp/executor_options.hpp:20[m[K,
[2.394s]                  from [01m[K/opt/ros/humble/include/rclcpp/rclcpp/executor.hpp:37[m[K,
[2.394s]                  from [01m[K/opt/ros/humble/include/rclcpp/rclcpp/executors/multi_threaded_executor.hpp:25[m[K,
[2.395s]                  from [01m[K/opt/ros/humble/include/rclcpp/rclcpp/executors.hpp:21[m[K,
[2.395s]                  from [01m[K/opt/ros/humble/include/rclcpp/rclcpp/rclcpp.hpp:155[m[K,
[2.395s]                  from [01m[K/home/xiaofeiyu/æ¡Œé¢/study/ç¬¬1-2å‘¨ä½œä¸š/src/nodes/src/serial_node.cpp:3[m[K:
[2.395s] [01m[K/home/xiaofeiyu/æ¡Œé¢/study/ç¬¬1-2å‘¨ä½œä¸š/src/nodes/src/serial_node.cpp:38:32:[m[K [01;31m[Kerror: [m[Kâ€˜[01m[Kclass SerialNode[m[Kâ€™ has no member named â€˜[01m[Kgetlogger[m[Kâ€™; did you mean â€˜[01m[Kget_logger[m[Kâ€™?
[2.395s]    38 |             RCLCPP_ERROR(this->[01;31m[Kgetlogger[m[K(),"ä¸²å£æ¥æ”¶é”™è¯¯");;
[2.395s]       |                                [01;31m[K^~~~~~~~~[m[K
[2.395s] [01m[K/home/xiaofeiyu/æ¡Œé¢/study/ç¬¬1-2å‘¨ä½œä¸š/src/nodes/src/serial_node.cpp:38:32:[m[K [01;31m[Kerror: [m[Kâ€˜[01m[Kclass SerialNode[m[Kâ€™ has no member named â€˜[01m[Kgetlogger[m[Kâ€™; did you mean â€˜[01m[Kget_logger[m[Kâ€™?
[2.398s]    38 |             RCLCPP_ERROR(this->[01;31m[Kgetlogger[m[K(),"ä¸²å£æ¥æ”¶é”™è¯¯");;
[2.398s]       |                                [01;31m[K^~~~~~~~~[m[K
[2.398s] [01m[K/home/xiaofeiyu/æ¡Œé¢/study/ç¬¬1-2å‘¨ä½œä¸š/src/nodes/src/serial_node.cpp:[m[K In member function â€˜[01m[Kvoid SerialNode::process_rx_buffer()[m[Kâ€™:
[2.398s] [01m[K/home/xiaofeiyu/æ¡Œé¢/study/ç¬¬1-2å‘¨ä½œä¸š/src/nodes/src/serial_node.cpp:46:27:[m[K [01;31m[Kerror: [m[Kâ€˜[01m[Krx_buffer_[m[Kâ€™ was not declared in this scope
[2.398s]    46 |         if (header_pos == [01;31m[Krx_buffer_[m[K.end()) {
[2.398s]       |                           [01;31m[K^~~~~~~~~~[m[K
[2.398s] [01m[K/home/xiaofeiyu/æ¡Œé¢/study/ç¬¬1-2å‘¨ä½œä¸š/src/nodes/src/serial_node.cpp:54:28:[m[K [01;31m[Kerror: [m[Kâ€˜[01m[Krx_buffer_[m[Kâ€™ was not declared in this scope
[2.398s]    54 |         if (trailer_pos != [01;31m[Krx_buffer_[m[K.end()) {
[2.398s]       |                            [01;31m[K^~~~~~~~~~[m[K
[2.398s] [01m[K/home/xiaofeiyu/æ¡Œé¢/study/ç¬¬1-2å‘¨ä½œä¸š/src/nodes/src/serial_node.cpp:[m[K In member function â€˜[01m[Kvoid SerialNode::send2serial(std_msgs::msg::String_<std::allocator<void> >::SharedPtr)[m[Kâ€™:
[2.398s] [01m[K/home/xiaofeiyu/æ¡Œé¢/study/ç¬¬1-2å‘¨ä½œä¸š/src/nodes/src/serial_node.cpp:74:19:[m[K [01;31m[Kerror: [m[Kâ€˜[01m[Kserial_driver[m[Kâ€™ was not declared in this scope; did you mean â€˜[01m[Kdrivers::serial_driver[m[Kâ€™?
[2.398s]    74 |         auto port=[01;31m[Kserial_driver[m[K->port();
[2.398s]       |                   [01;31m[K^~~~~~~~~~~~~[m[K
[2.398s]       |                   [32m[Kdrivers::serial_driver[m[K
[2.398s] In file included from [01m[K/opt/ros/humble/include/serial_driver/serial_driver.hpp:22[m[K,
[2.398s]                  from [01m[K/home/xiaofeiyu/æ¡Œé¢/study/ç¬¬1-2å‘¨ä½œä¸š/src/nodes/src/serial_node.cpp:5[m[K:
[2.398s] [01m[K/opt/ros/humble/include/serial_driver/serial_port.hpp:31:11:[m[K [01;36m[Knote: [m[Kâ€˜[01m[Kdrivers::serial_driver[m[Kâ€™ declared here
[2.398s]    31 | namespace [01;36m[Kserial_driver[m[K
[2.399s]       |           [01;36m[K^~~~~~~~~~~~~[m[K
[4.312s] gmake[2]: *** [CMakeFiles/serial_node.dir/build.make:76ï¼šCMakeFiles/serial_node.dir/src/serial_node.cpp.o] é”™è¯¯ 1
[4.312s] gmake[1]: *** [CMakeFiles/Makefile2:137ï¼šCMakeFiles/serial_node.dir/all] é”™è¯¯ 2
[4.312s] gmake: *** [Makefile:146ï¼šall] é”™è¯¯ 2
[4.315s] Invoked command in '/home/xiaofeiyu/æ¡Œé¢/study/ç¬¬1-2å‘¨ä½œä¸š/src/nodes/build/nodes' returned '2': CMAKE_PREFIX_PATH=${CMAKE_PREFIX_PATH}:/opt/ros/humble /usr/bin/cmake --build /home/xiaofeiyu/æ¡Œé¢/study/ç¬¬1-2å‘¨ä½œä¸š/src/nodes/build/nodes -- -j4 -l4
