[0.010s] Invoking command in '/home/xiaofeiyu/Ê°åÈù¢/study/Á¨¨1-2Âë®‰Ωú‰∏ö/src/nodes/build/nodes': CMAKE_PREFIX_PATH=/opt/ros/humble /usr/bin/cmake /home/xiaofeiyu/Ê°åÈù¢/study/Á¨¨1-2Âë®‰Ωú‰∏ö/src/nodes -DCMAKE_INSTALL_PREFIX=/home/xiaofeiyu/Ê°åÈù¢/study/Á¨¨1-2Âë®‰Ωú‰∏ö/src/nodes/install/nodes
[0.022s] -- Found ament_cmake: 1.3.11 (/opt/ros/humble/share/ament_cmake/cmake)
[0.122s] -- Found rclcpp: 16.0.12 (/opt/ros/humble/share/rclcpp/cmake)
[0.142s] -- Found rosidl_generator_c: 3.1.6 (/opt/ros/humble/share/rosidl_generator_c/cmake)
[0.144s] -- Found rosidl_adapter: 3.1.6 (/opt/ros/humble/share/rosidl_adapter/cmake)
[0.151s] -- Found rosidl_generator_cpp: 3.1.6 (/opt/ros/humble/share/rosidl_generator_cpp/cmake)
[0.157s] -- Using all available rosidl_typesupport_c: rosidl_typesupport_fastrtps_c;rosidl_typesupport_introspection_c
[0.166s] -- Using all available rosidl_typesupport_cpp: rosidl_typesupport_fastrtps_cpp;rosidl_typesupport_introspection_cpp
[0.189s] -- Found rmw_implementation_cmake: 6.1.2 (/opt/ros/humble/share/rmw_implementation_cmake/cmake)
[0.190s] -- Found rmw_fastrtps_cpp: 6.2.7 (/opt/ros/humble/share/rmw_fastrtps_cpp/cmake)
[0.259s] -- Using RMW implementation 'rmw_fastrtps_cpp' as default
[0.296s] -- Found serial_driver: 1.2.0 (/opt/ros/humble/share/serial_driver/cmake)
[0.309s] -- Found asio_cmake_module: 1.2.0 (/opt/ros/humble/share/asio_cmake_module/cmake)
[0.387s] -- Configuring done
[0.390s] [33mCMake Warning (dev) at CMakeLists.txt:10 (add_executable):
[0.390s]   Policy CMP0115 is not set: Source file extensions must be explicit.  Run
[0.390s]   "cmake --help-policy CMP0115" for policy details.  Use the cmake_policy
[0.390s]   command to set the policy and suppress this warning.
[0.390s] 
[0.390s]   File:
[0.390s] 
[0.390s]     /home/xiaofeiyu/Ê°åÈù¢/study/Á¨¨1-2Âë®‰Ωú‰∏ö/src/nodes/src/serial_node.cpp
[0.390s] This warning is for project developers.  Use -Wno-dev to suppress it.
[0.390s] [0m
[0.418s] -- Generating done
[0.422s] -- Build files have been written to: /home/xiaofeiyu/Ê°åÈù¢/study/Á¨¨1-2Âë®‰Ωú‰∏ö/src/nodes/build/nodes
[0.428s] Invoked command in '/home/xiaofeiyu/Ê°åÈù¢/study/Á¨¨1-2Âë®‰Ωú‰∏ö/src/nodes/build/nodes' returned '0': CMAKE_PREFIX_PATH=/opt/ros/humble /usr/bin/cmake /home/xiaofeiyu/Ê°åÈù¢/study/Á¨¨1-2Âë®‰Ωú‰∏ö/src/nodes -DCMAKE_INSTALL_PREFIX=/home/xiaofeiyu/Ê°åÈù¢/study/Á¨¨1-2Âë®‰Ωú‰∏ö/src/nodes/install/nodes
[0.431s] Invoking command in '/home/xiaofeiyu/Ê°åÈù¢/study/Á¨¨1-2Âë®‰Ωú‰∏ö/src/nodes/build/nodes': CMAKE_PREFIX_PATH=/opt/ros/humble /usr/bin/cmake --build /home/xiaofeiyu/Ê°åÈù¢/study/Á¨¨1-2Âë®‰Ωú‰∏ö/src/nodes/build/nodes -- -j4 -l4
[0.478s] [ 50%] [32mBuilding CXX object CMakeFiles/serial_node.dir/src/serial_node.cpp.o[0m
[2.189s] [01m[K/home/xiaofeiyu/Ê°åÈù¢/study/Á¨¨1-2Âë®‰Ωú‰∏ö/src/nodes/src/serial_node.cpp:23:13:[m[K [01;31m[Kerror: [m[K‚Äò[01m[KTimeBase[m[K‚Äô in namespace ‚Äò[01m[Krclcpp[m[K‚Äô does not name a type; did you mean ‚Äò[01m[KTimerBase[m[K‚Äô?
[2.189s]    23 |     rclcpp::[01;31m[KTimeBase[m[K::SharedPtr timer_pub;
[2.189s]       |             [01;31m[K^~~~~~~~[m[K
[2.189s]       |             [32m[KTimerBase[m[K
[2.197s] [01m[K/home/xiaofeiyu/Ê°åÈù¢/study/Á¨¨1-2Âë®‰Ωú‰∏ö/src/nodes/src/serial_node.cpp:[m[K In constructor ‚Äò[01m[KSerialNode::SerialNode()[m[K‚Äô:
[2.197s] [01m[K/home/xiaofeiyu/Ê°åÈù¢/study/Á¨¨1-2Âë®‰Ωú‰∏ö/src/nodes/src/serial_node.cpp:32:50:[m[K [01;31m[Kerror: [m[K‚Äò[01m[Kstdmsgs[m[K‚Äô was not declared in this scope; did you mean ‚Äò[01m[Kstd_msgs[m[K‚Äô?
[2.197s]    32 |         serial_tx_sub_=this->create_subscription<[01;31m[Kstdmsgs[m[K::msg::String>("topic",10,std::bind(&SerialNode::serial_tx_callback,this,std::placeholders::_1));
[2.197s]       |                                                  [01;31m[K^~~~~~~[m[K
[2.197s]       |                                                  [32m[Kstd_msgs[m[K
[2.197s] [01m[K/home/xiaofeiyu/Ê°åÈù¢/study/Á¨¨1-2Âë®‰Ωú‰∏ö/src/nodes/src/serial_node.cpp:32:30:[m[K [01;31m[Kerror: [m[Kparse error in template argument list
[2.197s]    32 |         serial_tx_sub_=this->[01;31m[Kcreate_subscription<stdmsgs::msg::String>[m[K("topic",10,std::bind(&SerialNode::serial_tx_callback,this,std::placeholders::_1));
[2.197s]       |                              [01;31m[K^~~~~~~~~~~~~~~~~~~~~~~~~~~~~~~~~~~~~~~~~[m[K
[2.200s] [01m[K/home/xiaofeiyu/Ê°åÈù¢/study/Á¨¨1-2Âë®‰Ωú‰∏ö/src/nodes/src/serial_node.cpp:32:71:[m[K [01;31m[Kerror: [m[Kno matching function for call to ‚Äò[01m[KSerialNode::create_subscription<<expression error> >(const char [6], int, std::_Bind_helper<false, void (SerialNode::*)(std::shared_ptr<std_msgs::msg::String_<std::allocator<void> > >) const, SerialNode*, const std::_Placeholder<1>&>::type)[m[K‚Äô
[2.200s]    32 |         serial_tx_sub_=[01;31m[Kthis->create_subscription<stdmsgs::msg::String>("topic",10,std::bind(&SerialNode::serial_tx_callback,this,std::placeholders::_1))[m[K;
[2.200s]       |                        [01;31m[K~~~~~~~~~~~~~~~~~~~~~~~~~~~~~~~~~~~~~~~~~~~~~~~^~~~~~~~~~~~~~~~~~~~~~~~~~~~~~~~~~~~~~~~~~~~~~~~~~~~~~~~~~~~~~~~~~~~~~~~~~~~~~~~~~[m[K
[2.210s] In file included from [01m[K/opt/ros/humble/include/rclcpp/rclcpp/executors/single_threaded_executor.hpp:28[m[K,
[2.210s]                  from [01m[K/opt/ros/humble/include/rclcpp/rclcpp/executors.hpp:22[m[K,
[2.210s]                  from [01m[K/opt/ros/humble/include/rclcpp/rclcpp/rclcpp.hpp:155[m[K,
[2.210s]                  from [01m[K/home/xiaofeiyu/Ê°åÈù¢/study/Á¨¨1-2Âë®‰Ωú‰∏ö/src/nodes/src/serial_node.cpp:2[m[K:
[2.210s] [01m[K/opt/ros/humble/include/rclcpp/rclcpp/node.hpp:219:3:[m[K [01;36m[Knote: [m[Kcandidate: ‚Äò[01m[Ktemplate<class MessageT, class CallbackT, class AllocatorT, class SubscriptionT, class MessageMemoryStrategyT> std::shared_ptr<ROSMessageT> rclcpp::Node::create_subscription(const string&, const rclcpp::QoS&, CallbackT&&, const rclcpp::SubscriptionOptionsWithAllocator<AllocatorT>&, typename MessageMemoryStrategyT::SharedPtr)[m[K‚Äô
[2.210s]   219 |   [01;36m[Kcreate_subscription[m[K(
[2.210s]       |   [01;36m[K^~~~~~~~~~~~~~~~~~~[m[K
[2.211s] [01m[K/opt/ros/humble/include/rclcpp/rclcpp/node.hpp:219:3:[m[K [01;36m[Knote: [m[K  template argument deduction/substitution failed:
[2.211s] [01m[K/home/xiaofeiyu/Ê°åÈù¢/study/Á¨¨1-2Âë®‰Ωú‰∏ö/src/nodes/src/serial_node.cpp:32:71:[m[K [01;31m[Kerror: [m[Ktemplate argument 1 is invalid
[2.211s]    32 |         serial_tx_sub_=[01;31m[Kthis->create_subscription<stdmsgs::msg::String>("topic",10,std::bind(&SerialNode::serial_tx_callback,this,std::placeholders::_1))[m[K;
[2.211s]       |                        [01;31m[K~~~~~~~~~~~~~~~~~~~~~~~~~~~~~~~~~~~~~~~~~~~~~~~^~~~~~~~~~~~~~~~~~~~~~~~~~~~~~~~~~~~~~~~~~~~~~~~~~~~~~~~~~~~~~~~~~~~~~~~~~~~~~~~~~[m[K
[2.214s] [01m[K/home/xiaofeiyu/Ê°åÈù¢/study/Á¨¨1-2Âë®‰Ωú‰∏ö/src/nodes/src/serial_node.cpp:34:9:[m[K [01;31m[Kerror: [m[K‚Äò[01m[Ktimer_pub[m[K‚Äô was not declared in this scope; did you mean ‚Äò[01m[Ktimer_t[m[K‚Äô?
[2.214s]    34 |         [01;31m[Ktimer_pub[m[K=this->create_wall_timer(5s,std::bind(&PublisherNode::serial_rx_callback,this));
[2.214s]       |         [01;31m[K^~~~~~~~~[m[K
[2.214s]       |         [32m[Ktimer_t[m[K
[2.214s] [01m[K/home/xiaofeiyu/Ê°åÈù¢/study/Á¨¨1-2Âë®‰Ωú‰∏ö/src/nodes/src/serial_node.cpp:34:43:[m[K [01;31m[Kerror: [m[Kunable to find numeric literal operator ‚Äò[01m[Koperator""s[m[K‚Äô
[2.214s]    34 |         timer_pub=this->create_wall_timer([01;31m[K5s[m[K,std::bind(&PublisherNode::serial_rx_callback,this));
[2.214s]       |                                           [01;31m[K^~[m[K
[2.214s] [01m[K/home/xiaofeiyu/Ê°åÈù¢/study/Á¨¨1-2Âë®‰Ωú‰∏ö/src/nodes/src/serial_node.cpp:34:57:[m[K [01;31m[Kerror: [m[K‚Äò[01m[KPublisherNode[m[K‚Äô has not been declared
[2.214s]    34 |         timer_pub=this->create_wall_timer(5s,std::bind(&[01;31m[KPublisherNode[m[K::serial_rx_callback,this));
[2.214s]       |                                                         [01;31m[K^~~~~~~~~~~~~[m[K
[2.799s] gmake[2]: *** [CMakeFiles/serial_node.dir/build.make:76ÔºöCMakeFiles/serial_node.dir/src/serial_node.cpp.o] ÈîôËØØ 1
[2.800s] gmake[1]: *** [CMakeFiles/Makefile2:137ÔºöCMakeFiles/serial_node.dir/all] ÈîôËØØ 2
[2.800s] gmake: *** [Makefile:146Ôºöall] ÈîôËØØ 2
[2.802s] Invoked command in '/home/xiaofeiyu/Ê°åÈù¢/study/Á¨¨1-2Âë®‰Ωú‰∏ö/src/nodes/build/nodes' returned '2': CMAKE_PREFIX_PATH=/opt/ros/humble /usr/bin/cmake --build /home/xiaofeiyu/Ê°åÈù¢/study/Á¨¨1-2Âë®‰Ωú‰∏ö/src/nodes/build/nodes -- -j4 -l4
