[0.010s] Invoking command in '/home/xiaofeiyu/桌面/study/第1-2周作业/src/nodes/build/nodes': CMAKE_PREFIX_PATH=/opt/ros/humble /usr/bin/cmake --build /home/xiaofeiyu/桌面/study/第1-2周作业/src/nodes/build/nodes -- -j4 -l4
[0.069s] [35m[1mConsolidate compiler generated dependencies of target serial_node[0m
[0.087s] [ 50%] [32mBuilding CXX object CMakeFiles/serial_node.dir/src/serial_node.cpp.o[0m
[1.966s] [01m[K/home/xiaofeiyu/桌面/study/第1-2周作业/src/nodes/src/serial_node.cpp:[m[K In function ‘[01m[Kint main(int, char**)[m[K’:
[1.966s] [01m[K/home/xiaofeiyu/桌面/study/第1-2周作业/src/nodes/src/serial_node.cpp:43:23:[m[K [01;31m[Kerror: [m[K‘[01m[Kagrv[m[K’ was not declared in this scope; did you mean ‘[01m[Kargv[m[K’?
[1.966s]    43 |     rclcpp::init(argc,[01;31m[Kagrv[m[K);
[1.966s]       |                       [01;31m[K^~~~[m[K
[1.966s]       |                       [32m[Kargv[m[K
[3.681s] gmake[2]: *** [CMakeFiles/serial_node.dir/build.make:76：CMakeFiles/serial_node.dir/src/serial_node.cpp.o] 错误 1
[3.681s] gmake[1]: *** [CMakeFiles/Makefile2:137：CMakeFiles/serial_node.dir/all] 错误 2
[3.682s] gmake: *** [Makefile:146：all] 错误 2
[3.684s] Invoked command in '/home/xiaofeiyu/桌面/study/第1-2周作业/src/nodes/build/nodes' returned '2': CMAKE_PREFIX_PATH=/opt/ros/humble /usr/bin/cmake --build /home/xiaofeiyu/桌面/study/第1-2周作业/src/nodes/build/nodes -- -j4 -l4
