[35m[1mConsolidate compiler generated dependencies of target serial_node[0m
[ 50%] Built target publisher_node
[ 75%] [32mBuilding CXX object CMakeFiles/serial_node.dir/src/serial_node.cpp.o[0m
[01m[K/home/xiaofeiyu/桌面/study/第1-2周作业/src/nodes/src/serial_node.cpp:[m[K In constructor ‘[01m[KSerialNode::SerialNode()[m[K’:
[01m[K/home/xiaofeiyu/桌面/study/第1-2周作业/src/nodes/src/serial_node.cpp:113:9:[m[K [01;31m[Kerror: [m[Kexpected ‘[01m[K;[m[K’ before ‘[01m[Kdeclare_parameter[m[K’
  113 |         [01;31m[Kdeclare_parameter[m[K<int>("baud_rate",115200)
      |         [01;31m[K^~~~~~~~~~~~~~~~~[m[K
[01m[K/home/xiaofeiyu/桌面/study/第1-2周作业/src/nodes/src/serial_node.cpp:118:37:[m[K [01;31m[Kerror: [m[K‘[01m[Kdevice_name[m[K’ was not declared in this scope
  118 |         get_parameter("device_name",[01;31m[Kdevice_name[m[K);
      |                                     [01;31m[K^~~~~~~~~~~[m[K
gmake[2]: *** [CMakeFiles/serial_node.dir/build.make:76：CMakeFiles/serial_node.dir/src/serial_node.cpp.o] 错误 1
gmake[1]: *** [CMakeFiles/Makefile2:139：CMakeFiles/serial_node.dir/all] 错误 2
gmake: *** [Makefile:146：all] 错误 2
