[0.012s] Invoking command in '/home/xiaofeiyu/桌面/study/第1-2周作业/src/nodes/build/nodes': CMAKE_PREFIX_PATH=${CMAKE_PREFIX_PATH}:/opt/ros/humble /usr/bin/cmake --build /home/xiaofeiyu/桌面/study/第1-2周作业/src/nodes/build/nodes -- -j4 -l4
[0.054s] [35m[1mConsolidate compiler generated dependencies of target serial_node[0m
[0.079s] [ 50%] Built target publisher_node
[0.088s] [ 75%] [32mBuilding CXX object CMakeFiles/serial_node.dir/src/serial_node.cpp.o[0m
[2.495s] [01m[K/home/xiaofeiyu/桌面/study/第1-2周作业/src/nodes/src/serial_node.cpp:[m[K In constructor ‘[01m[KSerialNode::SerialNode()[m[K’:
[2.495s] [01m[K/home/xiaofeiyu/桌面/study/第1-2周作业/src/nodes/src/serial_node.cpp:113:9:[m[K [01;31m[Kerror: [m[Kexpected ‘[01m[K;[m[K’ before ‘[01m[Kdeclare_parameter[m[K’
[2.495s]   113 |         [01;31m[Kdeclare_parameter[m[K<int>("baud_rate",115200)
[2.495s]       |         [01;31m[K^~~~~~~~~~~~~~~~~[m[K
[2.501s] [01m[K/home/xiaofeiyu/桌面/study/第1-2周作业/src/nodes/src/serial_node.cpp:118:37:[m[K [01;31m[Kerror: [m[K‘[01m[Kdevice_name[m[K’ was not declared in this scope
[2.501s]   118 |         get_parameter("device_name",[01;31m[Kdevice_name[m[K);
[2.501s]       |                                     [01;31m[K^~~~~~~~~~~[m[K
[4.373s] gmake[2]: *** [CMakeFiles/serial_node.dir/build.make:76：CMakeFiles/serial_node.dir/src/serial_node.cpp.o] 错误 1
[4.374s] gmake[1]: *** [CMakeFiles/Makefile2:139：CMakeFiles/serial_node.dir/all] 错误 2
[4.374s] gmake: *** [Makefile:146：all] 错误 2
[4.376s] Invoked command in '/home/xiaofeiyu/桌面/study/第1-2周作业/src/nodes/build/nodes' returned '2': CMAKE_PREFIX_PATH=${CMAKE_PREFIX_PATH}:/opt/ros/humble /usr/bin/cmake --build /home/xiaofeiyu/桌面/study/第1-2周作业/src/nodes/build/nodes -- -j4 -l4
