[0.011s] Invoking command in '/home/xiaofeiyu/æ¡Œé¢/study/ç¬¬1-2å‘¨ä½œä¸š/src/nodes/build/nodes': CMAKE_PREFIX_PATH=/opt/ros/humble /usr/bin/cmake --build /home/xiaofeiyu/æ¡Œé¢/study/ç¬¬1-2å‘¨ä½œä¸š/src/nodes/build/nodes -- -j4 -l4
[0.081s] [35m[1mConsolidate compiler generated dependencies of target serial_node[0m
[0.100s] [ 50%] [32mBuilding CXX object CMakeFiles/serial_node.dir/src/serial_node.cpp.o[0m
[2.010s] [01m[K/home/xiaofeiyu/æ¡Œé¢/study/ç¬¬1-2å‘¨ä½œä¸š/src/nodes/src/serial_node.cpp:[m[K In constructor â€˜[01m[KSerialNode::SerialNode()[m[Kâ€™:
[2.011s] [01m[K/home/xiaofeiyu/æ¡Œé¢/study/ç¬¬1-2å‘¨ä½œä¸š/src/nodes/src/serial_node.cpp:34:9:[m[K [01;31m[Kerror: [m[Kâ€˜[01m[Ktimer_[m[Kâ€™ was not declared in this scope; did you mean â€˜[01m[Ktimer_t[m[Kâ€™?
[2.011s]    34 |         [01;31m[Ktimer_[m[K=this->create_wall_timer(5s,std::bind(&SerialNode::serial_rx_callback,this));
[2.011s]       |         [01;31m[K^~~~~~[m[K
[2.012s]       |         [32m[Ktimer_t[m[K
[2.012s] [01m[K/home/xiaofeiyu/æ¡Œé¢/study/ç¬¬1-2å‘¨ä½œä¸š/src/nodes/src/serial_node.cpp:34:40:[m[K [01;31m[Kerror: [m[Kunable to find numeric literal operator â€˜[01m[Koperator""s[m[Kâ€™
[2.012s]    34 |         timer_=this->create_wall_timer([01;31m[K5s[m[K,std::bind(&SerialNode::serial_rx_callback,this));
[2.012s]       |                                        [01;31m[K^~[m[K
[2.015s] [01m[K/home/xiaofeiyu/æ¡Œé¢/study/ç¬¬1-2å‘¨ä½œä¸š/src/nodes/src/serial_node.cpp:[m[K In function â€˜[01m[Kint main(int, char**)[m[Kâ€™:
[2.015s] [01m[K/home/xiaofeiyu/æ¡Œé¢/study/ç¬¬1-2å‘¨ä½œä¸š/src/nodes/src/serial_node.cpp:41:23:[m[K [01;31m[Kerror: [m[Kâ€˜[01m[Kagv[m[Kâ€™ was not declared in this scope; did you mean â€˜[01m[Kargv[m[Kâ€™?
[2.015s]    41 |     rclcpp::init(argc,[01;31m[Kagv[m[K);
[2.015s]       |                       [01;31m[K^~~[m[K
[2.016s]       |                       [32m[Kargv[m[K
[4.146s] gmake[2]: *** [CMakeFiles/serial_node.dir/build.make:76ï¼šCMakeFiles/serial_node.dir/src/serial_node.cpp.o] é”™è¯¯ 1
[4.146s] gmake[1]: *** [CMakeFiles/Makefile2:137ï¼šCMakeFiles/serial_node.dir/all] é”™è¯¯ 2
[4.146s] gmake: *** [Makefile:146ï¼šall] é”™è¯¯ 2
[4.149s] Invoked command in '/home/xiaofeiyu/æ¡Œé¢/study/ç¬¬1-2å‘¨ä½œä¸š/src/nodes/build/nodes' returned '2': CMAKE_PREFIX_PATH=/opt/ros/humble /usr/bin/cmake --build /home/xiaofeiyu/æ¡Œé¢/study/ç¬¬1-2å‘¨ä½œä¸š/src/nodes/build/nodes -- -j4 -l4
