[0.010s] Invoking command in '/home/xiaofeiyu/Ê°åÈù¢/study/Á¨¨1-2Âë®‰Ωú‰∏ö/src/nodes/build/nodes': CMAKE_PREFIX_PATH=${CMAKE_PREFIX_PATH}:/opt/ros/humble /usr/bin/cmake --build /home/xiaofeiyu/Ê°åÈù¢/study/Á¨¨1-2Âë®‰Ωú‰∏ö/src/nodes/build/nodes -- -j4 -l4
[0.032s] -- Found ament_cmake: 1.3.11 (/opt/ros/humble/share/ament_cmake/cmake)
[0.128s] -- Found rclcpp: 16.0.12 (/opt/ros/humble/share/rclcpp/cmake)
[0.147s] -- Found rosidl_generator_c: 3.1.6 (/opt/ros/humble/share/rosidl_generator_c/cmake)
[0.149s] -- Found rosidl_adapter: 3.1.6 (/opt/ros/humble/share/rosidl_adapter/cmake)
[0.154s] -- Found rosidl_generator_cpp: 3.1.6 (/opt/ros/humble/share/rosidl_generator_cpp/cmake)
[0.161s] -- Using all available rosidl_typesupport_c: rosidl_typesupport_fastrtps_c;rosidl_typesupport_introspection_c
[0.171s] -- Using all available rosidl_typesupport_cpp: rosidl_typesupport_fastrtps_cpp;rosidl_typesupport_introspection_cpp
[0.192s] -- Found rmw_implementation_cmake: 6.1.2 (/opt/ros/humble/share/rmw_implementation_cmake/cmake)
[0.193s] -- Found rmw_fastrtps_cpp: 6.2.7 (/opt/ros/humble/share/rmw_fastrtps_cpp/cmake)
[0.260s] -- Using RMW implementation 'rmw_fastrtps_cpp' as default
[0.292s] -- Found serial_driver: 1.2.0 (/opt/ros/humble/share/serial_driver/cmake)
[0.302s] -- Found asio_cmake_module: 1.2.0 (/opt/ros/humble/share/asio_cmake_module/cmake)
[0.380s] -- Configuring done
[0.408s] -- Generating done
[0.414s] -- Build files have been written to: /home/xiaofeiyu/Ê°åÈù¢/study/Á¨¨1-2Âë®‰Ωú‰∏ö/src/nodes/build/nodes
[0.437s] [35m[1mConsolidate compiler generated dependencies of target serial_node[0m
[0.447s] [35m[1mConsolidate compiler generated dependencies of target publisher_node[0m
[0.460s] [ 25%] [32mBuilding CXX object CMakeFiles/serial_node.dir/src/serial_node.cpp.o[0m
[0.461s] [ 75%] Built target publisher_node
[2.586s] [01m[K/home/xiaofeiyu/Ê°åÈù¢/study/Á¨¨1-2Âë®‰Ωú‰∏ö/src/nodes/src/serial_node.cpp:[m[K In constructor ‚Äò[01m[KSerialNode::SerialNode()[m[K‚Äô:
[2.586s] [01m[K/home/xiaofeiyu/Ê°åÈù¢/study/Á¨¨1-2Âë®‰Ωú‰∏ö/src/nodes/src/serial_node.cpp:112:27:[m[K [01;31m[Kerror: [m[K‚Äò[01m[Kstring[m[K‚Äô was not declared in this scope
[2.586s]   112 |         declare_parameter<[01;31m[Kstring[m[K>("device_name","/dev/pts/2")
[2.586s]       |                           [01;31m[K^~~~~~[m[K
[2.596s] [01m[K/home/xiaofeiyu/Ê°åÈù¢/study/Á¨¨1-2Âë®‰Ωú‰∏ö/src/nodes/src/serial_node.cpp:112:27:[m[K [01;36m[Knote: [m[Ksuggested alternatives:
[2.596s] In file included from [01m[K/usr/include/c++/11/string:39[m[K,
[2.596s]                  from [01m[K/home/xiaofeiyu/Ê°åÈù¢/study/Á¨¨1-2Âë®‰Ωú‰∏ö/src/nodes/src/serial_node.cpp:1[m[K:
[2.596s] [01m[K/usr/include/c++/11/bits/stringfwd.h:79:33:[m[K [01;36m[Knote: [m[K  ‚Äò[01m[Kstd::string[m[K‚Äô
[2.596s]    79 |   typedef basic_string<char>    [01;36m[Kstring[m[K;
[2.596s]       |                                 [01;36m[K^~~~~~[m[K
[2.596s] In file included from [01m[K/home/xiaofeiyu/Ê°åÈù¢/study/Á¨¨1-2Âë®‰Ωú‰∏ö/src/nodes/src/serial_node.cpp:1[m[K:
[2.596s] [01m[K/usr/include/c++/11/string:67:11:[m[K [01;36m[Knote: [m[K  ‚Äò[01m[Kstd::pmr::string[m[K‚Äô
[2.596s]    67 |     using [01;36m[Kstring[m[K    = basic_string<char>;
[2.596s]       |           [01;36m[K^~~~~~[m[K
[2.596s] [01m[K/home/xiaofeiyu/Ê°åÈù¢/study/Á¨¨1-2Âë®‰Ωú‰∏ö/src/nodes/src/serial_node.cpp:112:34:[m[K [01;31m[Kerror: [m[Kno matching function for call to ‚Äò[01m[KSerialNode::declare_parameter<<expression error> >(const char [12], const char [11])[m[K‚Äô
[2.597s]   112 |         [01;31m[Kdeclare_parameter<string>("device_name","/dev/pts/2")[m[K
[2.597s]       |         [01;31m[K~~~~~~~~~~~~~~~~~~~~~~~~~^~~~~~~~~~~~~~~~~~~~~~~~~~~~[m[K
[2.597s] In file included from [01m[K/opt/ros/humble/include/rclcpp/rclcpp/executors/single_threaded_executor.hpp:28[m[K,
[2.597s]                  from [01m[K/opt/ros/humble/include/rclcpp/rclcpp/executors.hpp:22[m[K,
[2.597s]                  from [01m[K/opt/ros/humble/include/rclcpp/rclcpp/rclcpp.hpp:155[m[K,
[2.597s]                  from [01m[K/home/xiaofeiyu/Ê°åÈù¢/study/Á¨¨1-2Âë®‰Ωú‰∏ö/src/nodes/src/serial_node.cpp:3[m[K:
[2.598s] [01m[K/opt/ros/humble/include/rclcpp/rclcpp/node.hpp:421:3:[m[K [01;36m[Knote: [m[Kcandidate: ‚Äò[01m[Ktemplate<class ParameterT> auto rclcpp::Node::declare_parameter(const string&, const ParameterT&, const ParameterDescriptor&, bool)[m[K‚Äô
[2.598s]   421 |   [01;36m[Kdeclare_parameter[m[K(
[2.598s]       |   [01;36m[K^~~~~~~~~~~~~~~~~[m[K
[2.598s] [01m[K/opt/ros/humble/include/rclcpp/rclcpp/node.hpp:421:3:[m[K [01;36m[Knote: [m[K  template argument deduction/substitution failed:
[2.598s] [01m[K/home/xiaofeiyu/Ê°åÈù¢/study/Á¨¨1-2Âë®‰Ωú‰∏ö/src/nodes/src/serial_node.cpp:112:34:[m[K [01;31m[Kerror: [m[Ktemplate argument 1 is invalid
[2.598s]   112 |         [01;31m[Kdeclare_parameter<string>("device_name","/dev/pts/2")[m[K
[2.598s]       |         [01;31m[K~~~~~~~~~~~~~~~~~~~~~~~~~^~~~~~~~~~~~~~~~~~~~~~~~~~~~[m[K
[2.598s] In file included from [01m[K/opt/ros/humble/include/rclcpp/rclcpp/executors/single_threaded_executor.hpp:28[m[K,
[2.598s]                  from [01m[K/opt/ros/humble/include/rclcpp/rclcpp/executors.hpp:22[m[K,
[2.598s]                  from [01m[K/opt/ros/humble/include/rclcpp/rclcpp/rclcpp.hpp:155[m[K,
[2.599s]                  from [01m[K/home/xiaofeiyu/Ê°åÈù¢/study/Á¨¨1-2Âë®‰Ωú‰∏ö/src/nodes/src/serial_node.cpp:3[m[K:
[2.599s] [01m[K/opt/ros/humble/include/rclcpp/rclcpp/node.hpp:434:3:[m[K [01;36m[Knote: [m[Kcandidate: ‚Äò[01m[Ktemplate<class ParameterT> auto rclcpp::Node::declare_parameter(const string&, const ParameterDescriptor&, bool)[m[K‚Äô
[2.599s]   434 |   [01;36m[Kdeclare_parameter[m[K(
[2.599s]       |   [01;36m[K^~~~~~~~~~~~~~~~~[m[K
[2.599s] [01m[K/opt/ros/humble/include/rclcpp/rclcpp/node.hpp:434:3:[m[K [01;36m[Knote: [m[K  template argument deduction/substitution failed:
[2.599s] [01m[K/home/xiaofeiyu/Ê°åÈù¢/study/Á¨¨1-2Âë®‰Ωú‰∏ö/src/nodes/src/serial_node.cpp:112:34:[m[K [01;31m[Kerror: [m[Ktemplate argument 1 is invalid
[2.599s]   112 |         [01;31m[Kdeclare_parameter<string>("device_name","/dev/pts/2")[m[K
[2.599s]       |         [01;31m[K~~~~~~~~~~~~~~~~~~~~~~~~~^~~~~~~~~~~~~~~~~~~~~~~~~~~~[m[K
[2.601s] [01m[K/home/xiaofeiyu/Ê°åÈù¢/study/Á¨¨1-2Âë®‰Ωú‰∏ö/src/nodes/src/serial_node.cpp:118:37:[m[K [01;31m[Kerror: [m[K‚Äò[01m[Kdevice_name[m[K‚Äô was not declared in this scope
[2.602s]   118 |         get_parameter("device_name",[01;31m[Kdevice_name[m[K);
[2.602s]       |                                     [01;31m[K^~~~~~~~~~~[m[K
[4.367s] gmake[2]: *** [CMakeFiles/serial_node.dir/build.make:76ÔºöCMakeFiles/serial_node.dir/src/serial_node.cpp.o] ÈîôËØØ 1
[4.367s] gmake[1]: *** [CMakeFiles/Makefile2:139ÔºöCMakeFiles/serial_node.dir/all] ÈîôËØØ 2
[4.367s] gmake: *** [Makefile:146Ôºöall] ÈîôËØØ 2
[4.370s] Invoked command in '/home/xiaofeiyu/Ê°åÈù¢/study/Á¨¨1-2Âë®‰Ωú‰∏ö/src/nodes/build/nodes' returned '2': CMAKE_PREFIX_PATH=${CMAKE_PREFIX_PATH}:/opt/ros/humble /usr/bin/cmake --build /home/xiaofeiyu/Ê°åÈù¢/study/Á¨¨1-2Âë®‰Ωú‰∏ö/src/nodes/build/nodes -- -j4 -l4
