[0.011s] Invoking command in '/home/xiaofeiyu/æ¡Œé¢/study/ç¬¬1-2å‘¨ä½œä¸š/src/nodes/build/nodes': CMAKE_PREFIX_PATH=${CMAKE_PREFIX_PATH}:/opt/ros/humble /usr/bin/cmake --build /home/xiaofeiyu/æ¡Œé¢/study/ç¬¬1-2å‘¨ä½œä¸š/src/nodes/build/nodes -- -j4 -l4
[0.052s] [35m[1mConsolidate compiler generated dependencies of target publisher_node[0m
[0.053s] [35m[1mConsolidate compiler generated dependencies of target serial_node[0m
[0.076s] [ 50%] Built target publisher_node
[0.080s] [ 75%] [32mBuilding CXX object CMakeFiles/serial_node.dir/src/serial_node.cpp.o[0m
[2.360s] [01m[K/home/xiaofeiyu/æ¡Œé¢/study/ç¬¬1-2å‘¨ä½œä¸š/src/nodes/src/serial_node.cpp:[m[K In constructor â€˜[01m[KSerialNode::SerialNode()[m[Kâ€™:
[2.361s] [01m[K/home/xiaofeiyu/æ¡Œé¢/study/ç¬¬1-2å‘¨ä½œä¸š/src/nodes/src/serial_node.cpp:112:42:[m[K [01;31m[Kerror: [m[Kâ€˜[01m[Kdev[m[Kâ€™ was not declared in this scope; did you mean â€˜[01m[Kdiv[m[Kâ€™?
[2.361s]   112 |         const std::string device_name=""/[01;31m[Kdev[m[K/pts/2"";
[2.361s]       |                                          [01;31m[K^~~[m[K
[2.361s]       |                                          [32m[Kdiv[m[K
[2.364s] [01m[K/home/xiaofeiyu/æ¡Œé¢/study/ç¬¬1-2å‘¨ä½œä¸š/src/nodes/src/serial_node.cpp:112:46:[m[K [01;31m[Kerror: [m[Kâ€˜[01m[Kpts[m[Kâ€™ was not declared in this scope; did you mean â€˜[01m[Kputs[m[Kâ€™?
[2.364s]   112 |         const std::string device_name=""/dev/[01;31m[Kpts[m[K/2"";
[2.364s]       |                                              [01;31m[K^~~[m[K
[2.364s]       |                                              [32m[Kputs[m[K
[4.234s] gmake[2]: *** [CMakeFiles/serial_node.dir/build.make:76ï¼šCMakeFiles/serial_node.dir/src/serial_node.cpp.o] é”™è¯¯ 1
[4.235s] gmake[1]: *** [CMakeFiles/Makefile2:139ï¼šCMakeFiles/serial_node.dir/all] é”™è¯¯ 2
[4.235s] gmake: *** [Makefile:146ï¼šall] é”™è¯¯ 2
[4.237s] Invoked command in '/home/xiaofeiyu/æ¡Œé¢/study/ç¬¬1-2å‘¨ä½œä¸š/src/nodes/build/nodes' returned '2': CMAKE_PREFIX_PATH=${CMAKE_PREFIX_PATH}:/opt/ros/humble /usr/bin/cmake --build /home/xiaofeiyu/æ¡Œé¢/study/ç¬¬1-2å‘¨ä½œä¸š/src/nodes/build/nodes -- -j4 -l4
